<?xml version="1.0" encoding="UTF-8"?>
<!-- Generated by org.testng.reporters.JUnitReportReporter -->
<testsuite hostname="DESKTOP-FD8QANM" failures="0" tests="2" name="com.ame.Tc1_amezomProduct" time="4.590" errors="0" timestamp="2023-11-07T15:12:56 IST" skipped="0">
  <testcase classname="com.ame.Tc1_amezomProduct" name="productSearch" time="4.274"/>
  <testcase classname="com.ame.Tc1_amezomProduct" name="selectProduct" time="0.316"/>
</testsuite> <!-- com.ame.Tc1_amezomProduct -->
