<?xml version="1.0" encoding="UTF-8"?>
<!-- Generated by org.testng.reporters.JUnitReportReporter -->
<testsuite hostname="DESKTOP-FD8QANM" failures="0" tests="2" name="com.ame.Tc1_amezomProduct" time="2.758" errors="0" timestamp="2023-09-27T12:35:20 IST" skipped="0">
  <testcase classname="com.ame.Tc1_amezomProduct" name="selectProduct" time="0.243"/>
  <testcase classname="com.ame.Tc1_amezomProduct" name="productSearch" time="2.515"/>
</testsuite> <!-- com.ame.Tc1_amezomProduct -->
